19:59:03.183 [main] INFO  testCases.TC_001_AccountRegistrationTest - ****starting TC_001_AccountRegistrationTest ****
19:59:03.253 [main] INFO  testCases.TC_001_AccountRegistrationTest - clicked my account link
19:59:03.798 [main] INFO  testCases.TC_001_AccountRegistrationTest - clicked register link
19:59:03.800 [main] INFO  testCases.TC_001_AccountRegistrationTest - providing customer data
19:59:05.111 [main] ERROR testCases.TC_001_AccountRegistrationTest - test failed
 18:39:13.375 [main] INFO  testCases.TC_001_AccountRegistrationTest - ****starting TC_001_AccountRegistrationTest ****
18:39:13.546 [main] INFO  testCases.TC_001_AccountRegistrationTest - clicked my account link
18:39:14.380 [main] INFO  testCases.TC_001_AccountRegistrationTest - clicked register link
18:39:14.382 [main] INFO  testCases.TC_001_AccountRegistrationTest - providing customer data
18:39:15.687 [main] ERROR testCases.TC_001_AccountRegistrationTest - test failed
18:50:43.405 [main] INFO  testCases.TC_001_AccountRegistrationTest - ****starting TC_001_AccountRegistrationTest ****
18:50:43.471 [main] INFO  testCases.TC_001_AccountRegistrationTest - clicked my account link
18:50:44.293 [main] INFO  testCases.TC_001_AccountRegistrationTest - clicked register link
18:50:44.295 [main] INFO  testCases.TC_001_AccountRegistrationTest - providing customer data
18:50:45.554 [main] ERROR testCases.TC_001_AccountRegistrationTest - test failed
19:02:42.871 [main] INFO  testCases.TC_001_AccountRegistrationTest - ****starting TC_001_AccountRegistrationTest ****
19:02:42.936 [main] INFO  testCases.TC_001_AccountRegistrationTest - clicked my account link
19:02:43.832 [main] INFO  testCases.TC_001_AccountRegistrationTest - clicked register link
19:02:43.834 [main] INFO  testCases.TC_001_AccountRegistrationTest - providing customer data
19:02:45.102 [main] ERROR testCases.TC_001_AccountRegistrationTest - test failed
19:02:50.329 [main] INFO  testCases.TC_001_AccountRegistrationTest - ****starting TC_001_AccountRegistrationTest ****
19:02:50.383 [main] INFO  testCases.TC_001_AccountRegistrationTest - clicked my account link
19:02:51.887 [main] INFO  testCases.TC_001_AccountRegistrationTest - clicked register link
19:02:51.888 [main] INFO  testCases.TC_001_AccountRegistrationTest - providing customer data
19:02:53.161 [main] ERROR testCases.TC_001_AccountRegistrationTest - test failed
19:03:48.631 [TestNG-tests-2] INFO  testCases.TC_001_AccountRegistrationTest - ****starting TC_001_AccountRegistrationTest ****
19:03:48.718 [TestNG-tests-2] INFO  testCases.TC_001_AccountRegistrationTest - clicked my account link
19:03:48.832 [TestNG-tests-1] INFO  testCases.TC_001_AccountRegistrationTest - ****starting TC_001_AccountRegistrationTest ****
19:03:48.878 [TestNG-tests-1] INFO  testCases.TC_001_AccountRegistrationTest - clicked my account link
19:03:49.869 [TestNG-tests-2] INFO  testCases.TC_001_AccountRegistrationTest - clicked register link
19:03:49.871 [TestNG-tests-2] INFO  testCases.TC_001_AccountRegistrationTest - providing customer data
19:03:50.162 [TestNG-tests-1] INFO  testCases.TC_001_AccountRegistrationTest - clicked register link
19:03:50.163 [TestNG-tests-1] INFO  testCases.TC_001_AccountRegistrationTest - providing customer data
19:03:51.169 [TestNG-tests-2] ERROR testCases.TC_001_AccountRegistrationTest - test failed
19:03:51.463 [TestNG-tests-1] ERROR testCases.TC_001_AccountRegistrationTest - test failed
19:31:15.205 [main] INFO  testCases.TC_001_AccountRegistrationTest - ****starting TC_001_AccountRegistrationTest ****
19:31:15.271 [main] INFO  testCases.TC_001_AccountRegistrationTest - clicked my account link
19:31:16.140 [main] INFO  testCases.TC_001_AccountRegistrationTest - clicked register link
19:31:16.141 [main] INFO  testCases.TC_001_AccountRegistrationTest - providing customer data
19:31:16.443 [main] INFO  testCases.TC_001_AccountRegistrationTest - clicked continue button
19:31:26.456 [main] INFO  testCases.TC_001_AccountRegistrationTest - validating expected message
19:31:42.914 [main] INFO  testCases.TC_001_AccountRegistrationTest - ****starting TC_001_AccountRegistrationTest ****
19:31:42.977 [main] INFO  testCases.TC_001_AccountRegistrationTest - clicked my account link
19:31:43.717 [main] INFO  testCases.TC_001_AccountRegistrationTest - clicked register link
19:31:43.719 [main] INFO  testCases.TC_001_AccountRegistrationTest - providing customer data
19:31:44.981 [main] ERROR testCases.TC_001_AccountRegistrationTest - test failed
19:32:32.084 [main] INFO  testCases.TC_001_AccountRegistrationTest - ****starting TC_001_AccountRegistrationTest ****
19:32:32.148 [main] INFO  testCases.TC_001_AccountRegistrationTest - clicked my account link
19:32:35.248 [main] INFO  testCases.TC_001_AccountRegistrationTest - clicked register link
19:32:35.250 [main] INFO  testCases.TC_001_AccountRegistrationTest - providing customer data
19:32:35.265 [main] ERROR testCases.TC_001_AccountRegistrationTest - test failed
19:38:11.710 [main] INFO  testCases.TC_001_AccountRegistrationTest - ****starting TC_001_AccountRegistrationTest ****
19:38:11.774 [main] INFO  testCases.TC_001_AccountRegistrationTest - clicked my account link
19:38:13.036 [main] INFO  testCases.TC_001_AccountRegistrationTest - clicked register link
19:38:13.038 [main] INFO  testCases.TC_001_AccountRegistrationTest - providing customer data
19:38:14.320 [main] ERROR testCases.TC_001_AccountRegistrationTest - test failed
20:04:34.595 [main] INFO  testCases.TC_001_AccountRegistrationTest - ****starting TC_001_AccountRegistrationTest ****
20:04:34.663 [main] INFO  testCases.TC_001_AccountRegistrationTest - clicked my account link
20:04:35.769 [main] INFO  testCases.TC_001_AccountRegistrationTest - clicked register link
20:04:35.771 [main] INFO  testCases.TC_001_AccountRegistrationTest - providing customer data
20:04:37.047 [main] ERROR testCases.TC_001_AccountRegistrationTest - test failed
10:40:53.821 [main] INFO  testCases.TC_001_AccountRegistrationTest - ****starting TC_001_AccountRegistrationTest ****
10:40:53.891 [main] INFO  testCases.TC_001_AccountRegistrationTest - clicked my account link
10:40:54.439 [main] INFO  testCases.TC_001_AccountRegistrationTest - clicked register link
10:40:54.440 [main] INFO  testCases.TC_001_AccountRegistrationTest - providing customer data
10:40:55.700 [main] ERROR testCases.TC_001_AccountRegistrationTest - test failed
10:48:59.871 [main] INFO  testCases.TC_002_LogInTest - **** starting TC_002_LogInTest
10:49:36.617 [main] INFO  testCases.TC_002_LogInTest - **** starting TC_002_LogInTest
10:51:18.125 [main] INFO  testCases.TC_002_LogInTest - **** starting TC_002_LogInTest
10:53:31.261 [main] INFO  testCases.TC_002_LogInTest - **** starting TC_002_LogInTest
18:46:25.496 [main] INFO  testCases.TC_002_LogInTest - **** starting TC_002_LogInTest
18:49:16.083 [main] INFO  testCases.TC_002_LogInTest - **** starting TC_002_LogInTest
18:53:38.310 [main] INFO  testCases.TC_002_LogInTest - **** starting TC_002_LogInTest
18:53:41.890 [main] INFO  testCases.TC_002_LogInTest - ***finished TC_002_LogInTest
18:54:43.187 [main] INFO  testCases.TC_002_LogInTest - **** starting TC_002_LogInTest
18:54:47.379 [main] INFO  testCases.TC_002_LogInTest - ***finished TC_002_LogInTest
19:00:28.817 [main] INFO  testCases.TC_002_LogInTest - **** starting TC_002_LogInTest
23:59:01.757 [main] INFO  testCases.TC_002_LogInTest - **** starting TC_002_LogInTest
23:59:25.894 [main] INFO  testCases.TC_002_LogInTest - **** starting TC_002_LogInTest
23:59:44.943 [main] INFO  testCases.TC_002_LogInTest - **** starting TC_002_LogInTest
00:19:57.322 [main] INFO  testCases.TC_003_LogInDDT - ****TC_003_LogInDDT start*****
00:20:08.117 [main] INFO  testCases.TC_003_LogInDDT - ****TC_003_LogInDDT start*****
00:20:18.859 [main] INFO  testCases.TC_003_LogInDDT - ****TC_003_LogInDDT start*****
00:20:30.230 [main] INFO  testCases.TC_003_LogInDDT - ****TC_003_LogInDDT start*****
00:20:41.666 [main] INFO  testCases.TC_003_LogInDDT - ****TC_003_LogInDDT start*****
20:25:28.723 [main] INFO  testCases.TC_002_LogInTest - **** starting TC_002_LogInTest
20:26:57.413 [main] INFO  testCases.TC_002_LogInTest - **** starting TC_002_LogInTest
20:27:17.170 [main] INFO  testCases.TC_002_LogInTest - **** starting TC_002_LogInTest
20:28:10.578 [main] INFO  testCases.TC_002_LogInTest - **** starting TC_002_LogInTest
20:28:11.299 [main] INFO  testCases.TC_002_LogInTest - ***finished TC_002_LogInTest
20:28:58.437 [main] INFO  testCases.TC_003_LogInDDT - ****TC_003_LogInDDT start*****
20:29:09.019 [main] INFO  testCases.TC_003_LogInDDT - ****TC_003_LogInDDT start*****
20:29:19.459 [main] INFO  testCases.TC_003_LogInDDT - ****TC_003_LogInDDT start*****
20:29:29.925 [main] INFO  testCases.TC_003_LogInDDT - ****TC_003_LogInDDT start*****
20:29:40.360 [main] INFO  testCases.TC_003_LogInDDT - ****TC_003_LogInDDT start*****
20:34:46.523 [main] INFO  testCases.TC_003_LogInDDT - ****TC_003_LogInDDT start*****
20:34:57.103 [main] INFO  testCases.TC_003_LogInDDT - ****TC_003_LogInDDT start*****
20:35:07.548 [main] INFO  testCases.TC_003_LogInDDT - ****TC_003_LogInDDT start*****
20:35:18.046 [main] INFO  testCases.TC_003_LogInDDT - ****TC_003_LogInDDT start*****
20:35:28.530 [main] INFO  testCases.TC_003_LogInDDT - ****TC_003_LogInDDT start*****
20:36:26.427 [main] INFO  testCases.TC_002_LogInTest - **** starting TC_002_LogInTest
20:38:58.820 [main] INFO  testCases.TC_002_LogInTest - **** starting TC_002_LogInTest
20:38:59.538 [main] INFO  testCases.TC_002_LogInTest - ***finished TC_002_LogInTest
20:54:23.916 [main] INFO  testCases.TC_001_AccountRegistrationTest - ****starting TC_001_AccountRegistrationTest ****
20:54:23.992 [main] INFO  testCases.TC_001_AccountRegistrationTest - clicked my account link
20:54:24.219 [main] INFO  testCases.TC_001_AccountRegistrationTest - clicked register link
20:54:24.222 [main] INFO  testCases.TC_001_AccountRegistrationTest - providing customer data
20:54:25.506 [main] ERROR testCases.TC_001_AccountRegistrationTest - test failed
20:54:26.726 [main] INFO  testCases.TC_002_LogInTest - **** starting TC_002_LogInTest
20:54:27.410 [main] INFO  testCases.TC_002_LogInTest - ***finished TC_002_LogInTest
20:55:30.678 [main] INFO  testCases.TC_001_AccountRegistrationTest - ****starting TC_001_AccountRegistrationTest ****
20:55:30.758 [main] INFO  testCases.TC_001_AccountRegistrationTest - clicked my account link
20:55:30.951 [main] INFO  testCases.TC_001_AccountRegistrationTest - clicked register link
20:55:30.954 [main] INFO  testCases.TC_001_AccountRegistrationTest - providing customer data
20:55:32.245 [main] ERROR testCases.TC_001_AccountRegistrationTest - test failed
20:55:49.039 [main] INFO  testCases.TC_001_AccountRegistrationTest - ****starting TC_001_AccountRegistrationTest ****
20:55:49.119 [main] INFO  testCases.TC_001_AccountRegistrationTest - clicked my account link
20:55:49.330 [main] INFO  testCases.TC_001_AccountRegistrationTest - clicked register link
20:55:49.333 [main] INFO  testCases.TC_001_AccountRegistrationTest - providing customer data
20:55:50.614 [main] ERROR testCases.TC_001_AccountRegistrationTest - test failed
20:55:58.776 [main] INFO  testCases.TC_001_AccountRegistrationTest - ****starting TC_001_AccountRegistrationTest ****
20:55:58.852 [main] INFO  testCases.TC_001_AccountRegistrationTest - clicked my account link
20:55:59.054 [main] INFO  testCases.TC_001_AccountRegistrationTest - clicked register link
20:55:59.056 [main] INFO  testCases.TC_001_AccountRegistrationTest - providing customer data
20:56:00.338 [main] ERROR testCases.TC_001_AccountRegistrationTest - test failed
20:56:56.219 [main] INFO  testCases.TC_002_LogInTest - **** starting TC_002_LogInTest
20:56:56.916 [main] INFO  testCases.TC_002_LogInTest - ***finished TC_002_LogInTest
20:58:20.425 [main] INFO  testCases.TC_001_AccountRegistrationTest - ****starting TC_001_AccountRegistrationTest ****
20:58:20.505 [main] INFO  testCases.TC_001_AccountRegistrationTest - clicked my account link
20:58:20.715 [main] INFO  testCases.TC_001_AccountRegistrationTest - clicked register link
20:58:20.717 [main] INFO  testCases.TC_001_AccountRegistrationTest - providing customer data
20:58:22.010 [main] ERROR testCases.TC_001_AccountRegistrationTest - test failed
20:59:26.706 [main] INFO  testCases.TC_001_AccountRegistrationTest - ****starting TC_001_AccountRegistrationTest ****
20:59:26.785 [main] INFO  testCases.TC_001_AccountRegistrationTest - clicked my account link
20:59:27.008 [main] INFO  testCases.TC_001_AccountRegistrationTest - clicked register link
20:59:27.009 [main] INFO  testCases.TC_001_AccountRegistrationTest - providing customer data
20:59:28.298 [main] ERROR testCases.TC_001_AccountRegistrationTest - test failed
21:01:28.625 [main] INFO  testCases.TC_001_AccountRegistrationTest - ****starting TC_001_AccountRegistrationTest ****
21:01:28.700 [main] INFO  testCases.TC_001_AccountRegistrationTest - clicked my account link
21:01:28.909 [main] INFO  testCases.TC_001_AccountRegistrationTest - clicked register link
21:01:28.910 [main] INFO  testCases.TC_001_AccountRegistrationTest - providing customer data
21:01:30.213 [main] ERROR testCases.TC_001_AccountRegistrationTest - test failed
21:02:18.807 [main] INFO  testCases.TC_001_AccountRegistrationTest - ****starting TC_001_AccountRegistrationTest ****
21:02:18.878 [main] INFO  testCases.TC_001_AccountRegistrationTest - clicked my account link
21:02:19.103 [main] INFO  testCases.TC_001_AccountRegistrationTest - clicked register link
21:02:19.105 [main] INFO  testCases.TC_001_AccountRegistrationTest - providing customer data
21:02:20.387 [main] ERROR testCases.TC_001_AccountRegistrationTest - test failed
21:03:50.278 [main] INFO  testCases.TC_001_AccountRegistrationTest - ****starting TC_001_AccountRegistrationTest ****
21:03:50.365 [main] INFO  testCases.TC_001_AccountRegistrationTest - clicked my account link
21:03:50.592 [main] INFO  testCases.TC_001_AccountRegistrationTest - clicked register link
21:03:50.593 [main] INFO  testCases.TC_001_AccountRegistrationTest - providing customer data
21:03:51.826 [main] ERROR testCases.TC_001_AccountRegistrationTest - test failed
21:04:15.173 [main] INFO  testCases.TC_001_AccountRegistrationTest - ****starting TC_001_AccountRegistrationTest ****
21:04:15.272 [main] INFO  testCases.TC_001_AccountRegistrationTest - clicked my account link
21:04:15.511 [main] INFO  testCases.TC_001_AccountRegistrationTest - clicked register link
21:04:15.512 [main] INFO  testCases.TC_001_AccountRegistrationTest - providing customer data
21:04:16.799 [main] ERROR testCases.TC_001_AccountRegistrationTest - test failed
21:15:19.108 [main] INFO  testCases.TC_001_AccountRegistrationTest - ****starting TC_001_AccountRegistrationTest ****
21:15:19.188 [main] INFO  testCases.TC_001_AccountRegistrationTest - clicked my account link
21:15:19.429 [main] INFO  testCases.TC_001_AccountRegistrationTest - clicked register link
21:15:19.432 [main] INFO  testCases.TC_001_AccountRegistrationTest - providing customer data
21:15:19.642 [main] ERROR testCases.TC_001_AccountRegistrationTest - test failed
21:16:53.850 [main] INFO  testCases.TC_001_AccountRegistrationTest - ****starting TC_001_AccountRegistrationTest ****
21:16:53.940 [main] INFO  testCases.TC_001_AccountRegistrationTest - clicked my account link
21:16:54.173 [main] INFO  testCases.TC_001_AccountRegistrationTest - clicked register link
21:16:54.176 [main] INFO  testCases.TC_001_AccountRegistrationTest - providing customer data
21:16:55.476 [main] ERROR testCases.TC_001_AccountRegistrationTest - test failed
21:18:03.613 [main] INFO  testCases.TC_001_AccountRegistrationTest - ****starting TC_001_AccountRegistrationTest ****
21:18:03.687 [main] INFO  testCases.TC_001_AccountRegistrationTest - clicked my account link
21:18:03.901 [main] INFO  testCases.TC_001_AccountRegistrationTest - clicked register link
21:18:03.903 [main] INFO  testCases.TC_001_AccountRegistrationTest - providing customer data
21:18:04.123 [main] INFO  testCases.TC_001_AccountRegistrationTest - clicked continue button
21:18:04.437 [main] INFO  testCases.TC_001_AccountRegistrationTest - validating expected message
21:18:04.438 [main] INFO  testCases.TC_001_AccountRegistrationTest - *****TC_001_AccountRegistrationTest*******
21:21:03.507 [main] INFO  testCases.TC_001_AccountRegistrationTest - ****starting TC_001_AccountRegistrationTest ****
21:21:03.590 [main] INFO  testCases.TC_001_AccountRegistrationTest - clicked my account link
21:21:03.822 [main] INFO  testCases.TC_001_AccountRegistrationTest - clicked register link
21:21:03.824 [main] INFO  testCases.TC_001_AccountRegistrationTest - providing customer data
21:21:04.056 [main] INFO  testCases.TC_001_AccountRegistrationTest - clicked continue button
21:21:04.379 [main] INFO  testCases.TC_001_AccountRegistrationTest - validating expected message
21:21:04.380 [main] INFO  testCases.TC_001_AccountRegistrationTest - *****TC_001_AccountRegistrationTest*******
21:21:05.473 [main] INFO  testCases.TC_002_LogInTest - **** starting TC_002_LogInTest
21:21:06.184 [main] INFO  testCases.TC_002_LogInTest - ***finished TC_002_LogInTest
21:22:33.387 [main] INFO  testCases.TC_002_LogInTest - **** starting TC_002_LogInTest
21:22:34.097 [main] INFO  testCases.TC_002_LogInTest - ***finished TC_002_LogInTest
19:40:23.870 [main] INFO  testCases.TC_001_AccountRegistrationTest - ****starting TC_001_AccountRegistrationTest ****
19:40:23.938 [main] INFO  testCases.TC_001_AccountRegistrationTest - clicked my account link
19:40:24.243 [main] INFO  testCases.TC_001_AccountRegistrationTest - clicked register link
19:40:24.245 [main] INFO  testCases.TC_001_AccountRegistrationTest - providing customer data
19:40:24.507 [main] INFO  testCases.TC_001_AccountRegistrationTest - clicked continue button
19:40:24.952 [main] INFO  testCases.TC_001_AccountRegistrationTest - validating expected message
19:40:24.953 [main] INFO  testCases.TC_001_AccountRegistrationTest - *****TC_001_AccountRegistrationTest*******
19:44:17.797 [main] INFO  testCases.TC_001_AccountRegistrationTest - ****starting TC_001_AccountRegistrationTest ****
19:44:17.865 [main] INFO  testCases.TC_001_AccountRegistrationTest - clicked my account link
19:44:18.083 [main] INFO  testCases.TC_001_AccountRegistrationTest - clicked register link
19:44:18.085 [main] INFO  testCases.TC_001_AccountRegistrationTest - providing customer data
19:44:18.354 [main] INFO  testCases.TC_001_AccountRegistrationTest - clicked continue button
19:44:18.689 [main] INFO  testCases.TC_001_AccountRegistrationTest - validating expected message
19:44:18.690 [main] INFO  testCases.TC_001_AccountRegistrationTest - *****TC_001_AccountRegistrationTest*******
19:44:54.799 [main] INFO  testCases.TC_001_AccountRegistrationTest - ****starting TC_001_AccountRegistrationTest ****
19:44:54.860 [main] INFO  testCases.TC_001_AccountRegistrationTest - clicked my account link
19:44:55.089 [main] INFO  testCases.TC_001_AccountRegistrationTest - clicked register link
19:44:55.090 [main] INFO  testCases.TC_001_AccountRegistrationTest - providing customer data
19:44:55.345 [main] INFO  testCases.TC_001_AccountRegistrationTest - clicked continue button
19:44:55.683 [main] INFO  testCases.TC_001_AccountRegistrationTest - validating expected message
19:44:55.684 [main] INFO  testCases.TC_001_AccountRegistrationTest - *****TC_001_AccountRegistrationTest*******
19:44:57.013 [main] INFO  testCases.TC_002_LogInTest - **** starting TC_002_LogInTest
19:44:59.572 [main] INFO  testCases.TC_003_LogInDDT - ****TC_003_LogInDDT start*****
19:45:10.137 [main] INFO  testCases.TC_003_LogInDDT - ****TC_003_LogInDDT start*****
19:45:20.617 [main] INFO  testCases.TC_003_LogInDDT - ****TC_003_LogInDDT start*****
19:45:31.153 [main] INFO  testCases.TC_003_LogInDDT - ****TC_003_LogInDDT start*****
19:45:41.694 [main] INFO  testCases.TC_003_LogInDDT - ****TC_003_LogInDDT start*****
19:48:33.688 [main] INFO  testCases.TC_001_AccountRegistrationTest - ****starting TC_001_AccountRegistrationTest ****
19:48:33.756 [main] INFO  testCases.TC_001_AccountRegistrationTest - clicked my account link
19:48:33.977 [main] INFO  testCases.TC_001_AccountRegistrationTest - clicked register link
19:48:33.979 [main] INFO  testCases.TC_001_AccountRegistrationTest - providing customer data
19:48:34.243 [main] INFO  testCases.TC_001_AccountRegistrationTest - clicked continue button
19:48:34.570 [main] INFO  testCases.TC_001_AccountRegistrationTest - validating expected message
19:48:34.571 [main] INFO  testCases.TC_001_AccountRegistrationTest - *****TC_001_AccountRegistrationTest*******
22:18:16.351 [main] INFO  testCases.TC_001_AccountRegistrationTest - ****starting TC_001_AccountRegistrationTest ****
22:18:16.422 [main] INFO  testCases.TC_001_AccountRegistrationTest - clicked my account link
22:18:16.783 [main] INFO  testCases.TC_001_AccountRegistrationTest - clicked register link
22:18:16.785 [main] INFO  testCases.TC_001_AccountRegistrationTest - providing customer data
22:18:17.058 [main] INFO  testCases.TC_001_AccountRegistrationTest - clicked continue button
22:18:17.501 [main] INFO  testCases.TC_001_AccountRegistrationTest - validating expected message
22:18:17.502 [main] INFO  testCases.TC_001_AccountRegistrationTest - *****TC_001_AccountRegistrationTest*******
22:21:09.132 [main] INFO  testCases.TC_001_AccountRegistrationTest - ****starting TC_001_AccountRegistrationTest ****
22:21:09.201 [main] INFO  testCases.TC_001_AccountRegistrationTest - clicked my account link
22:21:09.426 [main] INFO  testCases.TC_001_AccountRegistrationTest - clicked register link
22:21:09.428 [main] INFO  testCases.TC_001_AccountRegistrationTest - providing customer data
22:21:09.692 [main] INFO  testCases.TC_001_AccountRegistrationTest - clicked continue button
22:21:10.016 [main] INFO  testCases.TC_001_AccountRegistrationTest - validating expected message
22:21:10.017 [main] INFO  testCases.TC_001_AccountRegistrationTest - *****TC_001_AccountRegistrationTest*******
18:47:23.783 [main] INFO  testCases.TC_001_AccountRegistrationTest - ****starting TC_001_AccountRegistrationTest ****
18:47:23.868 [main] INFO  testCases.TC_001_AccountRegistrationTest - clicked my account link
18:47:24.287 [main] INFO  testCases.TC_001_AccountRegistrationTest - clicked register link
18:47:24.289 [main] INFO  testCases.TC_001_AccountRegistrationTest - providing customer data
18:47:24.587 [main] INFO  testCases.TC_001_AccountRegistrationTest - clicked continue button
18:47:25.068 [main] INFO  testCases.TC_001_AccountRegistrationTest - validating expected message
18:47:25.069 [main] INFO  testCases.TC_001_AccountRegistrationTest - *****TC_001_AccountRegistrationTest*******
18:50:38.413 [main] INFO  testCases.TC_001_AccountRegistrationTest - ****starting TC_001_AccountRegistrationTest ****
18:50:38.482 [main] INFO  testCases.TC_001_AccountRegistrationTest - clicked my account link
18:50:38.778 [main] INFO  testCases.TC_001_AccountRegistrationTest - clicked register link
18:50:38.779 [main] INFO  testCases.TC_001_AccountRegistrationTest - providing customer data
18:50:39.059 [main] INFO  testCases.TC_001_AccountRegistrationTest - clicked continue button
18:50:39.446 [main] INFO  testCases.TC_001_AccountRegistrationTest - validating expected message
18:50:39.447 [main] INFO  testCases.TC_001_AccountRegistrationTest - *****TC_001_AccountRegistrationTest*******
19:30:05.730 [TestNG-tests-1] INFO  testCases.TC_001_AccountRegistrationTest - ****starting TC_001_AccountRegistrationTest ****
19:30:05.807 [TestNG-tests-1] INFO  testCases.TC_001_AccountRegistrationTest - clicked my account link
19:30:06.052 [TestNG-tests-1] INFO  testCases.TC_001_AccountRegistrationTest - clicked register link
19:30:06.054 [TestNG-tests-1] INFO  testCases.TC_001_AccountRegistrationTest - providing customer data
19:30:06.317 [TestNG-tests-1] INFO  testCases.TC_001_AccountRegistrationTest - clicked continue button
19:30:06.648 [TestNG-tests-1] INFO  testCases.TC_001_AccountRegistrationTest - validating expected message
19:30:06.649 [TestNG-tests-1] INFO  testCases.TC_001_AccountRegistrationTest - *****TC_001_AccountRegistrationTest*******
19:30:13.370 [TestNG-tests-2] INFO  testCases.TC_001_AccountRegistrationTest - ****starting TC_001_AccountRegistrationTest ****
19:30:13.414 [TestNG-tests-2] INFO  testCases.TC_001_AccountRegistrationTest - clicked my account link
19:30:13.854 [TestNG-tests-2] INFO  testCases.TC_001_AccountRegistrationTest - clicked register link
19:30:13.854 [TestNG-tests-2] INFO  testCases.TC_001_AccountRegistrationTest - providing customer data
19:30:14.175 [TestNG-tests-2] INFO  testCases.TC_001_AccountRegistrationTest - clicked continue button
19:30:14.515 [TestNG-tests-2] INFO  testCases.TC_001_AccountRegistrationTest - validating expected message
19:30:14.515 [TestNG-tests-2] INFO  testCases.TC_001_AccountRegistrationTest - *****TC_001_AccountRegistrationTest*******
19:31:56.417 [main] INFO  testCases.TC_001_AccountRegistrationTest - ****starting TC_001_AccountRegistrationTest ****
19:31:56.485 [main] INFO  testCases.TC_001_AccountRegistrationTest - clicked my account link
19:31:56.736 [main] INFO  testCases.TC_001_AccountRegistrationTest - clicked register link
19:31:56.737 [main] INFO  testCases.TC_001_AccountRegistrationTest - providing customer data
19:31:56.997 [main] INFO  testCases.TC_001_AccountRegistrationTest - clicked continue button
19:31:57.341 [main] INFO  testCases.TC_001_AccountRegistrationTest - validating expected message
19:31:57.342 [main] INFO  testCases.TC_001_AccountRegistrationTest - *****TC_001_AccountRegistrationTest*******
20:41:49.457 [main] INFO  testCases.TC_001_AccountRegistrationTest - ****starting TC_001_AccountRegistrationTest ****
20:41:49.527 [main] INFO  testCases.TC_001_AccountRegistrationTest - clicked my account link
20:41:49.826 [main] INFO  testCases.TC_001_AccountRegistrationTest - clicked register link
20:41:49.828 [main] INFO  testCases.TC_001_AccountRegistrationTest - providing customer data
20:41:50.091 [main] INFO  testCases.TC_001_AccountRegistrationTest - clicked continue button
20:41:50.505 [main] INFO  testCases.TC_001_AccountRegistrationTest - validating expected message
20:41:50.506 [main] INFO  testCases.TC_001_AccountRegistrationTest - *****TC_001_AccountRegistrationTest*******
20:42:30.183 [main] INFO  testCases.TC_001_AccountRegistrationTest - ****starting TC_001_AccountRegistrationTest ****
20:42:30.253 [main] INFO  testCases.TC_001_AccountRegistrationTest - clicked my account link
20:42:30.504 [main] INFO  testCases.TC_001_AccountRegistrationTest - clicked register link
20:42:30.506 [main] INFO  testCases.TC_001_AccountRegistrationTest - providing customer data
20:42:30.767 [main] INFO  testCases.TC_001_AccountRegistrationTest - clicked continue button
20:42:31.097 [main] INFO  testCases.TC_001_AccountRegistrationTest - validating expected message
20:42:31.099 [main] INFO  testCases.TC_001_AccountRegistrationTest - *****TC_001_AccountRegistrationTest*******
21:13:56.134 [main] INFO  testCases.TC_001_AccountRegistrationTest - ****starting TC_001_AccountRegistrationTest ****
21:13:56.211 [main] INFO  testCases.TC_001_AccountRegistrationTest - clicked my account link
21:13:56.492 [main] INFO  testCases.TC_001_AccountRegistrationTest - clicked register link
21:13:56.494 [main] INFO  testCases.TC_001_AccountRegistrationTest - providing customer data
21:13:56.771 [main] INFO  testCases.TC_001_AccountRegistrationTest - clicked continue button
21:13:57.144 [main] INFO  testCases.TC_001_AccountRegistrationTest - validating expected message
21:13:57.146 [main] INFO  testCases.TC_001_AccountRegistrationTest - *****TC_001_AccountRegistrationTest*******
21:15:05.299 [main] INFO  testCases.TC_001_AccountRegistrationTest - ****starting TC_001_AccountRegistrationTest ****
21:15:05.369 [main] INFO  testCases.TC_001_AccountRegistrationTest - clicked my account link
21:15:05.619 [main] INFO  testCases.TC_001_AccountRegistrationTest - clicked register link
21:15:05.621 [main] INFO  testCases.TC_001_AccountRegistrationTest - providing customer data
21:15:05.891 [main] INFO  testCases.TC_001_AccountRegistrationTest - clicked continue button
21:15:06.235 [main] INFO  testCases.TC_001_AccountRegistrationTest - validating expected message
21:15:06.236 [main] INFO  testCases.TC_001_AccountRegistrationTest - *****TC_001_AccountRegistrationTest*******
21:17:39.080 [main] INFO  testCases.TC_001_AccountRegistrationTest - ****starting TC_001_AccountRegistrationTest ****
21:17:39.201 [main] INFO  testCases.TC_001_AccountRegistrationTest - clicked my account link
21:17:39.441 [main] INFO  testCases.TC_001_AccountRegistrationTest - clicked register link
21:17:39.443 [main] INFO  testCases.TC_001_AccountRegistrationTest - providing customer data
21:17:39.663 [main] INFO  testCases.TC_001_AccountRegistrationTest - clicked continue button
21:17:40.014 [main] INFO  testCases.TC_001_AccountRegistrationTest - validating expected message
21:17:40.015 [main] INFO  testCases.TC_001_AccountRegistrationTest - *****TC_001_AccountRegistrationTest*******
21:18:25.663 [main] INFO  testCases.TC_001_AccountRegistrationTest - ****starting TC_001_AccountRegistrationTest ****
21:18:25.734 [main] INFO  testCases.TC_001_AccountRegistrationTest - clicked my account link
21:18:25.975 [main] INFO  testCases.TC_001_AccountRegistrationTest - clicked register link
21:18:25.977 [main] INFO  testCases.TC_001_AccountRegistrationTest - providing customer data
21:18:26.248 [main] INFO  testCases.TC_001_AccountRegistrationTest - clicked continue button
21:18:26.591 [main] INFO  testCases.TC_001_AccountRegistrationTest - validating expected message
21:18:26.592 [main] INFO  testCases.TC_001_AccountRegistrationTest - *****TC_001_AccountRegistrationTest*******
21:18:41.459 [main] INFO  testCases.TC_001_AccountRegistrationTest - ****starting TC_001_AccountRegistrationTest ****
21:18:41.528 [main] INFO  testCases.TC_001_AccountRegistrationTest - clicked my account link
21:18:41.752 [main] INFO  testCases.TC_001_AccountRegistrationTest - clicked register link
21:18:41.754 [main] INFO  testCases.TC_001_AccountRegistrationTest - providing customer data
21:18:42.013 [main] INFO  testCases.TC_001_AccountRegistrationTest - clicked continue button
21:18:42.350 [main] INFO  testCases.TC_001_AccountRegistrationTest - validating expected message
21:18:42.351 [main] INFO  testCases.TC_001_AccountRegistrationTest - *****TC_001_AccountRegistrationTest*******
21:19:36.888 [main] INFO  testCases.TC_001_AccountRegistrationTest - ****starting TC_001_AccountRegistrationTest ****
21:19:36.969 [main] INFO  testCases.TC_001_AccountRegistrationTest - clicked my account link
21:19:37.176 [main] INFO  testCases.TC_001_AccountRegistrationTest - clicked register link
21:19:37.178 [main] INFO  testCases.TC_001_AccountRegistrationTest - providing customer data
21:19:37.392 [main] INFO  testCases.TC_001_AccountRegistrationTest - clicked continue button
21:19:37.710 [main] INFO  testCases.TC_001_AccountRegistrationTest - validating expected message
21:19:37.712 [main] INFO  testCases.TC_001_AccountRegistrationTest - *****TC_001_AccountRegistrationTest*******
